0 silly argv {
0 silly argv   _: [ 'version' ],
0 silly argv   lernaVersion: '9.0.3',
0 silly argv   '$0': '/Users/nicojs/repos/github/rock-solid/node_modules/.bin/lerna'
0 silly argv }
1 notice cli v9.0.3
2 verbose packageConfigs Explicit "packages" configuration found in lerna.json. Resolving packages using the configured glob(s): ["packages/*"]
3 verbose rootPath /Users/nicojs/repos/github/rock-solid
4 silly createGitHubClient
5 info current version 2.6.0
6 silly isAnythingCommitted
7 verbose isAnythingCommitted 1
8 silly getCurrentBranch
9 verbose currentBranch main
10 silly remoteBranchExists
11 silly isBehindUpstream
12 silly isBehindUpstream main is behind origin/main by 0 commit(s) and ahead by 0
13 silly hasTags
14 verbose hasTags true
15 silly git-describe.sync "v2.6.0-3-geb34d42" => {"lastTagName":"v2.6.0","lastVersion":"v2.6.0","refCount":"3","sha":"eb34d42","isDirty":false}
16 warn force-publish all packages
17 info Assuming all packages changed
18 verbose updated @rock-solid/backend
19 verbose updated @rock-solid/frontend
20 verbose updated @rock-solid/shared
21 silly fixed for @rock-solid/backend at /Users/nicojs/repos/github/rock-solid/packages/backend
22 verbose getChangelogConfig using preset "conventional-changelog-angular"
23 silly npa Result {
23 silly npa   type: 'range',
23 silly npa   registry: true,
23 silly npa   where: undefined,
23 silly npa   raw: 'conventional-changelog-angular',
23 silly npa   name: 'conventional-changelog-angular',
23 silly npa   escapedName: 'conventional-changelog-angular',
23 silly npa   scope: undefined,
23 silly npa   rawSpec: '*',
23 silly npa   saveSpec: null,
23 silly npa   fetchSpec: '*',
23 silly npa   gitRange: undefined,
23 silly npa   gitCommittish: undefined,
23 silly npa   gitSubdir: undefined,
23 silly npa   hosted: undefined
23 silly npa }
24 verbose getChangelogConfig Attempting to resolve preset "conventional-changelog-angular"
25 info getChangelogConfig Successfully resolved preset "conventional-changelog-angular"
26 verbose fixed increment 2.6.0 by minor
27 silly fixed for @rock-solid/frontend at /Users/nicojs/repos/github/rock-solid/packages/frontend
28 verbose fixed increment 2.6.0 by minor
29 silly fixed for @rock-solid/shared at /Users/nicojs/repos/github/rock-solid/packages/shared
30 verbose fixed increment 2.6.0 by minor
31 error ExitPromptError: User force closed the prompt with SIGINT
31 error     at Interface.sigint (/Users/nicojs/repos/github/rock-solid/node_modules/@inquirer/core/dist/commonjs/lib/create-prompt.js:101:37)
31 error     at Interface.emit (node:events:519:28)
31 error     at [_ttyWrite] [as _ttyWrite] (node:internal/readline/interface:1134:18)
31 error     at ReadStream.onkeypress (node:internal/readline/interface:271:20)
31 error     at ReadStream.emit (node:events:531:35)
31 error     at emitKeys (node:internal/readline/utils:370:14)
31 error     at emitKeys.next (<anonymous>)
31 error     at ReadStream.onData (node:internal/readline/emitKeypressEvents:64:36)
31 error     at ReadStream.emit (node:events:519:28)
